{
  "stats": {
    "suites": 2,
    "tests": 12,
    "passes": 12,
    "pending": 0,
    "failures": 0,
    "testsRegistered": 12,
    "passPercent": 100,
    "pendingPercent": 0,
    "other": 0,
    "hasOther": false,
    "skipped": 0,
    "hasSkipped": false,
    "start": "2026-01-11T11:01:29.377Z",
    "end": "2026-01-11T11:06:07.836Z",
    "duration": 278459
  },
  "results": [
    {
      "uuid": "a22c4755-b4e4-405b-88b4-b0c49572ce40",
      "title": "",
      "fullFile": "cypress\\e2e\\pimUsers.cy.js",
      "file": "cypress\\e2e\\pimUsers.cy.js",
      "beforeHooks": [],
      "afterHooks": [],
      "tests": [],
      "suites": [
        {
          "uuid": "a66e8671-95ec-49dc-9884-e6da5628a0df",
          "title": "PIM Users Management",
          "fullFile": "",
          "file": "",
          "beforeHooks": [],
          "afterHooks": [],
          "tests": [
            {
              "title": "Should add a new employee and create login details",
              "fullTitle": "PIM Users Management Should add a new employee and create login details",
              "timedOut": null,
              "duration": 20578,
              "state": "passed",
              "speed": "slow",
              "pass": true,
              "fail": false,
              "pending": false,
              "context": null,
              "code": "_navigationToPages.onNavigationToPages.navigateToPimPage();\n_addEmployeePage.onAddEmployeePage.fillEmployeeDetails(firstName, middleName, lastName, employeeID, profileImagePath);\n_addEmployeePage.onAddEmployeePage.createLoginDetails(username, password, password);\ncy.url().then(url => {\n  employeeNumber = url.split('/').pop();\n  if (!employeeNumber) throw new Error('Failed to capture employee number from URL');\n  cy.log('Captured Employee Number: ' + employeeNumber);\n});",
              "err": {},
              "uuid": "2b67f467-58fc-4107-b258-10aac27c319d",
              "parentUUID": "a66e8671-95ec-49dc-9884-e6da5628a0df",
              "isHook": false,
              "skipped": false
            },
            {
              "title": "Should navigate to Personal Details of the created employee and complete personal details",
              "fullTitle": "PIM Users Management Should navigate to Personal Details of the created employee and complete personal details",
              "timedOut": null,
              "duration": 21978,
              "state": "passed",
              "speed": "slow",
              "pass": true,
              "fail": false,
              "pending": false,
              "context": null,
              "code": "cy.visit(_routesHelper.routesHelper.personalDetails(employeeNumber), {\n  failOnStatusCode: false\n});\n_personalDetailsPage.onPersonalDetailsPage.fillPersonalDetails(otherID, driverLicense, 5, licenseExpiryDate, 2, dateOfBirth);\n_personalDetailsPage.onPersonalDetailsPage.fillCustomFields(3, testField);\n_generalMethods.onGeneralMethods.uploadAttachment(attachmentFilePath, commentText);\n_generalMethods.onGeneralMethods.assertOnDescriptionOnAttachment(commentText);\n_generalMethods.onGeneralMethods.editAddedAttachment(commentText);\n_generalMethods.onGeneralMethods.downloadAttachment();\n_generalMethods.onGeneralMethods.deleteAddedRecord();",
              "err": {},
              "uuid": "e5bd8601-246f-4741-9b39-b40f682d374d",
              "parentUUID": "a66e8671-95ec-49dc-9884-e6da5628a0df",
              "isHook": false,
              "skipped": false
            },
            {
              "title": "Should navigate to Contact Details of the created employee and fill contact details",
              "fullTitle": "PIM Users Management Should navigate to Contact Details of the created employee and fill contact details",
              "timedOut": null,
              "duration": 20813,
              "state": "passed",
              "speed": "slow",
              "pass": true,
              "fail": false,
              "pending": false,
              "context": null,
              "code": "cy.visit(_routesHelper.routesHelper.contactDetails(employeeNumber), {\n  failOnStatusCode: false\n});\n_contactDetailsPage.onContactDetailsPage.fillAddressDetails(streetOne, streetTwo, city, state, zipCode, 5);\n_contactDetailsPage.onContactDetailsPage.fillTelephoneDetails(homeTelephone, mobile, workTelephone);\n_contactDetailsPage.onContactDetailsPage.fillEmailDetails(workEmail, otherEmail);\n_generalMethods.onGeneralMethods.uploadAttachment(attachmentFilePath, commentText);\n_generalMethods.onGeneralMethods.assertOnDescriptionOnAttachment(commentText);\n_generalMethods.onGeneralMethods.editAddedAttachment(commentText);\n_generalMethods.onGeneralMethods.downloadAttachment();\n_generalMethods.onGeneralMethods.deleteAddedRecord();",
              "err": {},
              "uuid": "51118f91-c907-41ce-b55d-0f8dd027e174",
              "parentUUID": "a66e8671-95ec-49dc-9884-e6da5628a0df",
              "isHook": false,
              "skipped": false
            },
            {
              "title": "Should navigate to Emergency Contacts and add an emergency contact",
              "fullTitle": "PIM Users Management Should navigate to Emergency Contacts and add an emergency contact",
              "timedOut": null,
              "duration": 17890,
              "state": "passed",
              "speed": "slow",
              "pass": true,
              "fail": false,
              "pending": false,
              "context": null,
              "code": "cy.visit(_routesHelper.routesHelper.emergencyContacts(employeeNumber), {\n  failOnStatusCode: false\n});\n_emergencyContactsPage.onEmergencyContactsPage.addEmergencyContact(emergencyContactName, relationship, homeTelephone, mobile, workTelephone);\n_emergencyContactsPage.onEmergencyContactsPage.deleteEmergencyContact(emergencyContactName);\n_emergencyContactsPage.onEmergencyContactsPage.uploadAttachment(attachmentFilePath, commentText);\n_generalMethods.onGeneralMethods.assertOnDescriptionOnAttachment(commentText);\n_generalMethods.onGeneralMethods.editAddedAttachment(commentText);\n_generalMethods.onGeneralMethods.downloadAttachment();\n_generalMethods.onGeneralMethods.deleteAddedRecord();",
              "err": {},
              "uuid": "c16b84dc-72e9-424d-95e1-3f51c66e7abf",
              "parentUUID": "a66e8671-95ec-49dc-9884-e6da5628a0df",
              "isHook": false,
              "skipped": false
            },
            {
              "title": "Should navigate to Dependents and add a dependent",
              "fullTitle": "PIM Users Management Should navigate to Dependents and add a dependent",
              "timedOut": null,
              "duration": 21474,
              "state": "passed",
              "speed": "slow",
              "pass": true,
              "fail": false,
              "pending": false,
              "context": null,
              "code": "cy.visit(_routesHelper.routesHelper.dependents(employeeNumber), {\n  failOnStatusCode: false\n});\n_dependentsPage.onDependentsPage.addDependent(dependentName, 1, dependentDateOfBirth);\n_dependentsPage.onDependentsPage.deleteDependent();\n_dependentsPage.onDependentsPage.uploadAttachment(attachmentFilePath, commentText);\n_dependentsPage.onDependentsPage.assertOnDescriptionOnAttachment(commentText);\n_generalMethods.onGeneralMethods.editAddedAttachment(commentText);\n_generalMethods.onGeneralMethods.downloadAttachment();\n_generalMethods.onGeneralMethods.deleteAddedRecord();",
              "err": {},
              "uuid": "5b1a6e8f-26ca-42b8-a416-9eb67206130a",
              "parentUUID": "a66e8671-95ec-49dc-9884-e6da5628a0df",
              "isHook": false,
              "skipped": false
            },
            {
              "title": "Should navigate to Immigration and add an immigration record",
              "fullTitle": "PIM Users Management Should navigate to Immigration and add an immigration record",
              "timedOut": null,
              "duration": 23868,
              "state": "passed",
              "speed": "slow",
              "pass": true,
              "fail": false,
              "pending": false,
              "context": null,
              "code": "cy.visit(_routesHelper.routesHelper.immigration(employeeNumber), {\n  failOnStatusCode: false\n});\n_immigrationPage.onImmigrationPage.addImmigrationRecord(immigrationNumber, issuedDate, expiryDate, eligibleStatus, 10, elligableDate, commentText);\n_immigrationPage.onImmigrationPage.deleteImmigrationRecord();\n_immigrationPage.onImmigrationPage.uploadAttachment(attachmentFilePath, commentText);\n_immigrationPage.onImmigrationPage.assertOnDescriptionOnAttachment(commentText);\n_generalMethods.onGeneralMethods.editAddedAttachment(commentText);\n_generalMethods.onGeneralMethods.downloadAttachment();\n_generalMethods.onGeneralMethods.deleteAddedRecord();",
              "err": {},
              "uuid": "294c0871-a11e-49fb-9467-0501cc4d9ef8",
              "parentUUID": "a66e8671-95ec-49dc-9884-e6da5628a0df",
              "isHook": false,
              "skipped": false
            },
            {
              "title": "Should navigate to Job and fill job details including termination",
              "fullTitle": "PIM Users Management Should navigate to Job and fill job details including termination",
              "timedOut": null,
              "duration": 36623,
              "state": "passed",
              "speed": "slow",
              "pass": true,
              "fail": false,
              "pending": false,
              "context": null,
              "code": "cy.visit(_routesHelper.routesHelper.job(employeeNumber), {\n  failOnStatusCode: false\n});\n_jobPage.onJobPage.fillJobDetails(joinedDate, 3, 1, 4, 2, 5, contractStartDate, contractEndDate, attachmentFilePath);\n_jobPage.onJobPage.terminateEmployment(terminationDate, 2, note);\n_generalMethods.onGeneralMethods.uploadAttachment(attachmentFilePath, commentText);\n_generalMethods.onGeneralMethods.assertOnDescriptionOnAttachment(commentText);\n_generalMethods.onGeneralMethods.editAddedAttachment(commentText);\n_generalMethods.onGeneralMethods.downloadAttachment();\n_generalMethods.onGeneralMethods.deleteAddedRecord();",
              "err": {},
              "uuid": "4d7be13b-fddc-4457-80b1-61294616397e",
              "parentUUID": "a66e8671-95ec-49dc-9884-e6da5628a0df",
              "isHook": false,
              "skipped": false
            },
            {
              "title": "Should navigate to Salary and add salary details",
              "fullTitle": "PIM Users Management Should navigate to Salary and add salary details",
              "timedOut": null,
              "duration": 23413,
              "state": "passed",
              "speed": "slow",
              "pass": true,
              "fail": false,
              "pending": false,
              "context": null,
              "code": "cy.visit(_routesHelper.routesHelper.salary(employeeNumber), {\n  failOnStatusCode: false\n});\n_salaryPage.onSalaryPage.addSalaryDetails(salaryComponent, 2, 3, 1, amount.toString(), commentText, accountNumber, 2, routingNumber, directDepositAmount);\n_salaryPage.onSalaryPage.deleteAddedSalaryRecord();\n_salaryPage.onSalaryPage.uploadAttachment(attachmentFilePath, commentText);\n_salaryPage.onSalaryPage.assertOnDescriptionOnAttachment(commentText);\n_generalMethods.onGeneralMethods.editAddedAttachment(commentText);\n_generalMethods.onGeneralMethods.downloadAttachment();\n_generalMethods.onGeneralMethods.deleteAddedRecord();",
              "err": {},
              "uuid": "56acdf27-86aa-4295-9dc9-4273b571d2a5",
              "parentUUID": "a66e8671-95ec-49dc-9884-e6da5628a0df",
              "isHook": false,
              "skipped": false
            },
            {
              "title": "Should navigate to Report To and assign a supervisor",
              "fullTitle": "PIM Users Management Should navigate to Report To and assign a supervisor",
              "timedOut": null,
              "duration": 20019,
              "state": "passed",
              "speed": "slow",
              "pass": true,
              "fail": false,
              "pending": false,
              "context": null,
              "code": "cy.visit(_routesHelper.routesHelper.reportTo(employeeNumber), {\n  failOnStatusCode: false\n});\n_reportToPage.onReportToPage.assignSupervisor(supervisorName, 1);\n_reportToPage.onReportToPage.deleteSupervisor();\n_reportToPage.onReportToPage.uploadAttachment(attachmentFilePath, commentText);\n_reportToPage.onReportToPage.assertOnDescriptionOnAttachment(commentText);\n_generalMethods.onGeneralMethods.editAddedAttachment(commentText);\n_generalMethods.onGeneralMethods.downloadAttachment();\n_generalMethods.onGeneralMethods.deleteAddedRecord();",
              "err": {},
              "uuid": "912599c0-ae44-4b0f-a3dc-e8d43f8e237c",
              "parentUUID": "a66e8671-95ec-49dc-9884-e6da5628a0df",
              "isHook": false,
              "skipped": false
            },
            {
              "title": "Should navigate to Qualifications and add qualification records",
              "fullTitle": "PIM Users Management Should navigate to Qualifications and add qualification records",
              "timedOut": null,
              "duration": 37593,
              "state": "passed",
              "speed": "slow",
              "pass": true,
              "fail": false,
              "pending": false,
              "context": null,
              "code": "cy.visit(_routesHelper.routesHelper.qualifications(employeeNumber), {\n  failOnStatusCode: false\n});\n_qualificationsPage.onQualificationsPage.addWorkExperience(companyName, jobTitle, fromDate, toDate, commentText);\n_qualificationsPage.onQualificationsPage.deleteworkExperienceRecord();\n// onQualificationsPage.addEducation(\n//     3,\n//     instituteName,\n//     major,\n//     graduationYear,\n//     jpaScore,\n//     startDate,\n//     endDate,\n//     commentText\n// );\n// onQualificationsPage.deleteEducationRecord();   \n_qualificationsPage.onQualificationsPage.addSkill(4, yearsOfExperience, commentText);\n_qualificationsPage.onQualificationsPage.deleteSkillRecord();\n_qualificationsPage.onQualificationsPage.addLanguage(2, 3, 1, commentText);\n_qualificationsPage.onQualificationsPage.deleteLanguageRecord();\n_qualificationsPage.onQualificationsPage.addLicense(5, licenceNumber, issuedDateForLicense, expiryDateForLicense);\n_qualificationsPage.onQualificationsPage.deleteLicenseRecord();\n_qualificationsPage.onQualificationsPage.uploadAttachment(attachmentFilePath, commentText);\n_qualificationsPage.onQualificationsPage.assertOnDescriptionOnAttachment(commentText);\n_generalMethods.onGeneralMethods.editAddedAttachment(commentText);\n_generalMethods.onGeneralMethods.downloadAttachment();\n_generalMethods.onGeneralMethods.deleteAddedRecord();",
              "err": {},
              "uuid": "b4e81a02-0481-4e0c-afda-57cf260175f3",
              "parentUUID": "a66e8671-95ec-49dc-9884-e6da5628a0df",
              "isHook": false,
              "skipped": false
            },
            {
              "title": "Should navigate to Memberships and add membership records",
              "fullTitle": "PIM Users Management Should navigate to Memberships and add membership records",
              "timedOut": null,
              "duration": 18504,
              "state": "passed",
              "speed": "slow",
              "pass": true,
              "fail": false,
              "pending": false,
              "context": null,
              "code": "cy.visit(_routesHelper.routesHelper.memberships(employeeNumber), {\n  failOnStatusCode: false\n});\n_membershipsPage.onMembershipsPage.addMembership(3, 1, subscriptionAmount, 1, commenceDate, renewalDate);\n_membershipsPage.onMembershipsPage.deleteMembershipRecord();\n_membershipsPage.onMembershipsPage.uploadAttachment(attachmentFilePath, commentText);\n_membershipsPage.onMembershipsPage.assertOnDescriptionOnAttachment(commentText);\n_generalMethods.onGeneralMethods.editAddedAttachment(commentText);\n_generalMethods.onGeneralMethods.downloadAttachment();\n_generalMethods.onGeneralMethods.deleteAddedRecord();",
              "err": {},
              "uuid": "05a9357b-1936-4dec-a5a8-a7bc465dcc2f",
              "parentUUID": "a66e8671-95ec-49dc-9884-e6da5628a0df",
              "isHook": false,
              "skipped": false
            }
          ],
          "suites": [],
          "passes": [
            "2b67f467-58fc-4107-b258-10aac27c319d",
            "e5bd8601-246f-4741-9b39-b40f682d374d",
            "51118f91-c907-41ce-b55d-0f8dd027e174",
            "c16b84dc-72e9-424d-95e1-3f51c66e7abf",
            "5b1a6e8f-26ca-42b8-a416-9eb67206130a",
            "294c0871-a11e-49fb-9467-0501cc4d9ef8",
            "4d7be13b-fddc-4457-80b1-61294616397e",
            "56acdf27-86aa-4295-9dc9-4273b571d2a5",
            "912599c0-ae44-4b0f-a3dc-e8d43f8e237c",
            "b4e81a02-0481-4e0c-afda-57cf260175f3",
            "05a9357b-1936-4dec-a5a8-a7bc465dcc2f"
          ],
          "failures": [],
          "pending": [],
          "skipped": [],
          "duration": 262753,
          "root": false,
          "rootEmpty": false,
          "_timeout": 2000
        }
      ],
      "passes": [],
      "failures": [],
      "pending": [],
      "skipped": [],
      "duration": 0,
      "root": true,
      "rootEmpty": true,
      "_timeout": 2000
    },
    {
      "uuid": "9573638e-4911-441e-aa5f-b57107368a43",
      "title": "",
      "fullFile": "cypress\\e2e\\loginIntoSystem.cy.js",
      "file": "cypress\\e2e\\loginIntoSystem.cy.js",
      "beforeHooks": [],
      "afterHooks": [],
      "tests": [],
      "suites": [
        {
          "uuid": "11981e77-5f52-44b5-9340-16d3da57805a",
          "title": "Login into the System",
          "fullFile": "",
          "file": "",
          "beforeHooks": [],
          "afterHooks": [],
          "tests": [
            {
              "title": "Should login with valid credentials",
              "fullTitle": "Login into the System Should login with valid credentials",
              "timedOut": null,
              "duration": 8119,
              "state": "passed",
              "speed": "medium",
              "pass": true,
              "fail": false,
              "pending": false,
              "context": null,
              "code": "cy.visit('/');\n_loginPage.onLoginPage.loginIntoApp(Cypress.env('username'), Cypress.env('password'));",
              "err": {},
              "uuid": "6a15f4c7-9833-471a-9753-a0395f6a09fc",
              "parentUUID": "11981e77-5f52-44b5-9340-16d3da57805a",
              "isHook": false,
              "skipped": false
            }
          ],
          "suites": [],
          "passes": [
            "6a15f4c7-9833-471a-9753-a0395f6a09fc"
          ],
          "failures": [],
          "pending": [],
          "skipped": [],
          "duration": 8119,
          "root": false,
          "rootEmpty": false,
          "_timeout": 2000
        }
      ],
      "passes": [],
      "failures": [],
      "pending": [],
      "skipped": [],
      "duration": 0,
      "root": true,
      "rootEmpty": true,
      "_timeout": 2000
    }
  ],
  "meta": {
    "mocha": {
      "version": "7.2.0"
    },
    "mochawesome": {
      "options": {
        "quiet": false,
        "reportFilename": "mochawesome",
        "saveHtml": false,
        "saveJson": true,
        "consoleReporter": "spec",
        "useInlineDiffs": false,
        "code": true
      },
      "version": "7.1.4"
    },
    "marge": {
      "options": {
        "reportDir": "cypress/reports/mochawesome",
        "overwrite": false,
        "html": false,
        "json": true
      },
      "version": "6.3.2"
    }
  }
}